Flow report for sd_Controller
Sun Nov  9 22:20:16 2025
Quartus Prime Version 23.1std.1 Build 993 05/14/2024 SC Lite Edition


---------------------
; Table of Contents ;
---------------------
  1. Legal Notice
  2. Flow Summary
  3. Flow Settings
  4. Flow Non-Default Global Settings
  5. Flow Elapsed Time
  6. Flow OS Summary
  7. Flow Log
  8. Flow Messages
  9. Flow Suppressed Messages



----------------
; Legal Notice ;
----------------
Copyright (C) 2024  Intel Corporation. All rights reserved.
Your use of Intel Corporation's design tools, logic functions 
and other software and tools, and any partner logic 
functions, and any output files from any of the foregoing 
(including device programming or simulation files), and any 
associated documentation or information are expressly subject 
to the terms and conditions of the Intel Program License 
Subscription Agreement, the Intel Quartus Prime License Agreement,
the Intel FPGA IP License Agreement, or other applicable license
agreement, including, without limitation, that your use is for
the sole purpose of programming logic devices manufactured by
Intel and sold by Intel or its authorized distributors.  Please
refer to the applicable agreement for further details, at
https://fpgasoftware.intel.com/eula.



+------------------------------------------------------------------------------+
; Flow Summary                                                                 ;
+-----------------------------+------------------------------------------------+
; Flow Status                 ; Flow Failed - Sun Nov  9 22:20:16 2025         ;
; Quartus Prime Version       ; 23.1std.1 Build 993 05/14/2024 SC Lite Edition ;
; Revision Name               ; sd_Controller                                  ;
; Top-level Entity Name       ; SD_Controller                                  ;
; Family                      ; Cyclone V                                      ;
; Device                      ; 5CSEMA5F31C6                                   ;
; Timing Models               ; Final                                          ;
; Logic utilization (in ALMs) ; N/A until Partition Merge                      ;
; Total registers             ; N/A until Partition Merge                      ;
; Total pins                  ; N/A until Partition Merge                      ;
; Total virtual pins          ; N/A until Partition Merge                      ;
; Total block memory bits     ; N/A until Partition Merge                      ;
; Total PLLs                  ; N/A until Partition Merge                      ;
; Total DLLs                  ; N/A until Partition Merge                      ;
+-----------------------------+------------------------------------------------+


+-----------------------------------------+
; Flow Settings                           ;
+-------------------+---------------------+
; Option            ; Setting             ;
+-------------------+---------------------+
; Start date & time ; 11/09/2025 22:20:12 ;
; Main task         ; Compilation         ;
; Revision Name     ; sd_Controller       ;
+-------------------+---------------------+


+---------------------------------------------------------------------------------------------------------------------------------------------------+
; Flow Non-Default Global Settings                                                                                                                  ;
+--------------------------------------+----------------------------------------+---------------+---------------+-----------------------------------+
; Assignment Name                      ; Value                                  ; Default Value ; Entity Name   ; Section Id                        ;
+--------------------------------------+----------------------------------------+---------------+---------------+-----------------------------------+
; COMPILER_SIGNATURE_ID                ; 13870907296499.176275201209612         ; --            ; --            ; --                                ;
; EDA_DESIGN_INSTANCE_NAME             ; NA                                     ; --            ; --            ; sd_mock_tb                        ;
; EDA_DESIGN_INSTANCE_NAME             ; NA                                     ; --            ; --            ; sd_controller_tb                  ;
; EDA_DESIGN_INSTANCE_NAME             ; NA                                     ; --            ; --            ; tb_xorEncr_min                    ;
; EDA_DESIGN_INSTANCE_NAME             ; NA                                     ; --            ; --            ; spi_transactor_tb                 ;
; EDA_DESIGN_INSTANCE_NAME             ; NA                                     ; --            ; --            ; tb_regfile_1024bit                ;
; EDA_DESIGN_INSTANCE_NAME             ; NA                                     ; --            ; --            ; sd_encr_device_tb                 ;
; EDA_GENERATE_FUNCTIONAL_NETLIST      ; Off                                    ; --            ; --            ; eda_board_design_timing           ;
; EDA_GENERATE_FUNCTIONAL_NETLIST      ; Off                                    ; --            ; --            ; eda_board_design_boundary_scan    ;
; EDA_GENERATE_FUNCTIONAL_NETLIST      ; Off                                    ; --            ; --            ; eda_board_design_signal_integrity ;
; EDA_GENERATE_FUNCTIONAL_NETLIST      ; Off                                    ; --            ; --            ; eda_board_design_symbol           ;
; EDA_NATIVELINK_SIMULATION_TEST_BENCH ; sd_mock_tb                             ; --            ; --            ; eda_simulation                    ;
; EDA_OUTPUT_DATA_FORMAT               ; Verilog Hdl                            ; --            ; --            ; eda_simulation                    ;
; EDA_SIMULATION_TOOL                  ; Questa Intel FPGA (Verilog)            ; <None>        ; --            ; --                                ;
; EDA_TEST_BENCH_ENABLE_STATUS         ; TEST_BENCH_MODE                        ; --            ; --            ; eda_simulation                    ;
; EDA_TEST_BENCH_FILE                  ; sd_mock.v                              ; --            ; --            ; sd_mock_tb                        ;
; EDA_TEST_BENCH_FILE                  ; sd_mock_tb.v                           ; --            ; --            ; sd_mock_tb                        ;
; EDA_TEST_BENCH_FILE                  ; spi_transactor.v                       ; --            ; --            ; sd_mock_tb                        ;
; EDA_TEST_BENCH_FILE                  ; sd_controller_tb.v                     ; --            ; --            ; sd_controller_tb                  ;
; EDA_TEST_BENCH_FILE                  ; SD_Controller_Top.v                    ; --            ; --            ; sd_controller_tb                  ;
; EDA_TEST_BENCH_FILE                  ; SD_ControllerV2.v                      ; --            ; --            ; sd_controller_tb                  ;
; EDA_TEST_BENCH_FILE                  ; sd_mock.v                              ; --            ; --            ; sd_controller_tb                  ;
; EDA_TEST_BENCH_FILE                  ; spi_transactor.v                       ; --            ; --            ; sd_controller_tb                  ;
; EDA_TEST_BENCH_FILE                  ; spi_transactor_tb.v                    ; --            ; --            ; sd_controller_tb                  ;
; EDA_TEST_BENCH_FILE                  ; sd_encr_device.v                       ; --            ; --            ; tb_xorEncr_min                    ;
; EDA_TEST_BENCH_FILE                  ; sd_encr_device_tb.v                    ; --            ; --            ; tb_xorEncr_min                    ;
; EDA_TEST_BENCH_FILE                  ; tb_xorEncr_min.v                       ; --            ; --            ; tb_xorEncr_min                    ;
; EDA_TEST_BENCH_FILE                  ; xorEncr.v                              ; --            ; --            ; tb_xorEncr_min                    ;
; EDA_TEST_BENCH_FILE                  ; spi_transactor.v                       ; --            ; --            ; spi_transactor_tb                 ;
; EDA_TEST_BENCH_FILE                  ; spi_transactor_tb.v                    ; --            ; --            ; spi_transactor_tb                 ;
; EDA_TEST_BENCH_FILE                  ; regfile_1024bit.v                      ; --            ; --            ; tb_regfile_1024bit                ;
; EDA_TEST_BENCH_FILE                  ; tb_regfile_1024bit.v                   ; --            ; --            ; tb_regfile_1024bit                ;
; EDA_TEST_BENCH_FILE                  ; xorEncr.v                              ; --            ; --            ; sd_encr_device_tb                 ;
; EDA_TEST_BENCH_FILE                  ; spi_transactor.v                       ; --            ; --            ; sd_encr_device_tb                 ;
; EDA_TEST_BENCH_FILE                  ; sd_encr_device.v                       ; --            ; --            ; sd_encr_device_tb                 ;
; EDA_TEST_BENCH_FILE                  ; SD_ControllerV2.v                      ; --            ; --            ; sd_encr_device_tb                 ;
; EDA_TEST_BENCH_FILE                  ; sd_encr_device_tb.v                    ; --            ; --            ; sd_encr_device_tb                 ;
; EDA_TEST_BENCH_FILE                  ; regfile_1024bit.v                      ; --            ; --            ; sd_encr_device_tb                 ;
; EDA_TEST_BENCH_MODULE_NAME           ; sd_mock_tb                             ; --            ; --            ; sd_mock_tb                        ;
; EDA_TEST_BENCH_MODULE_NAME           ; sd_controller_tb                       ; --            ; --            ; sd_controller_tb                  ;
; EDA_TEST_BENCH_MODULE_NAME           ; tb_xorEncr_min                         ; --            ; --            ; tb_xorEncr_min                    ;
; EDA_TEST_BENCH_MODULE_NAME           ; spi_transactor_tb                      ; --            ; --            ; spi_transactor_tb                 ;
; EDA_TEST_BENCH_MODULE_NAME           ; tb_regfile_1024bit                     ; --            ; --            ; tb_regfile_1024bit                ;
; EDA_TEST_BENCH_MODULE_NAME           ; sd_encr_device_tb                      ; --            ; --            ; sd_encr_device_tb                 ;
; EDA_TEST_BENCH_NAME                  ; sd_controller_tb                       ; --            ; --            ; eda_simulation                    ;
; EDA_TEST_BENCH_NAME                  ; spi_transactor_tb                      ; --            ; --            ; eda_simulation                    ;
; EDA_TEST_BENCH_NAME                  ; sd_encr_device_tb                      ; --            ; --            ; eda_simulation                    ;
; EDA_TEST_BENCH_NAME                  ; tb_regfile_1024bit                     ; --            ; --            ; eda_simulation                    ;
; EDA_TEST_BENCH_NAME                  ; tb_xorEncr_min                         ; --            ; --            ; eda_simulation                    ;
; EDA_TEST_BENCH_NAME                  ; sd_mock_tb                             ; --            ; --            ; eda_simulation                    ;
; EDA_TIME_SCALE                       ; 1 ps                                   ; --            ; --            ; eda_simulation                    ;
; MAX_CORE_JUNCTION_TEMP               ; 85                                     ; --            ; --            ; --                                ;
; MIN_CORE_JUNCTION_TEMP               ; 0                                      ; --            ; --            ; --                                ;
; PARTITION_COLOR                      ; -- (Not supported for targeted family) ; --            ; SD_Controller ; Top                               ;
; PARTITION_FITTER_PRESERVATION_LEVEL  ; -- (Not supported for targeted family) ; --            ; SD_Controller ; Top                               ;
; PARTITION_NETLIST_TYPE               ; -- (Not supported for targeted family) ; --            ; SD_Controller ; Top                               ;
; POWER_BOARD_THERMAL_MODEL            ; None (CONSERVATIVE)                    ; --            ; --            ; --                                ;
; POWER_PRESET_COOLING_SOLUTION        ; 23 MM HEAT SINK WITH 200 LFPM AIRFLOW  ; --            ; --            ; --                                ;
; PROJECT_OUTPUT_DIRECTORY             ; output_files                           ; --            ; --            ; --                                ;
+--------------------------------------+----------------------------------------+---------------+---------------+-----------------------------------+


+--------------------------------------------------------------------------------------------------------------------------+
; Flow Elapsed Time                                                                                                        ;
+----------------------+--------------+-------------------------+---------------------+------------------------------------+
; Module Name          ; Elapsed Time ; Average Processors Used ; Peak Virtual Memory ; Total CPU Time (on all processors) ;
+----------------------+--------------+-------------------------+---------------------+------------------------------------+
; Analysis & Synthesis ; 00:00:05     ; 1.0                     ; 4781 MB             ; 00:00:13                           ;
; Total                ; 00:00:05     ; --                      ; --                  ; 00:00:13                           ;
+----------------------+--------------+-------------------------+---------------------+------------------------------------+


+------------------------------------------------------------------------------------+
; Flow OS Summary                                                                    ;
+----------------------+------------------+------------+------------+----------------+
; Module Name          ; Machine Hostname ; OS Name    ; OS Version ; Processor type ;
+----------------------+------------------+------------+------------+----------------+
; Analysis & Synthesis ; HELPHELPHELPOHGO ; Windows 10 ; 10.0       ; x86_64         ;
+----------------------+------------------+------------+------------+----------------+


------------
; Flow Log ;
------------
quartus_map --read_settings_files=on --write_settings_files=off sd_Controller -c sd_Controller



